<?xml version="1.0" encoding="UTF-8"?>
<!-- Generated by org.testng.reporters.JUnitReportReporter -->
<testsuite hostname="sboju-53" name="com.peoplematter.testngTest" tests="1" failures="0"
           timestamp="14 Nov 2016 01:36:00 GMT" time="0.014" errors="0">
    <testcase name="Logger" time="0.014" classname="com.peoplematter.testngTest"/>
</testsuite> <!-- com.peoplematter.testngTest -->
